0 info it worked if it ends with ok
1 verbose cli [ '/usr/local/bin/node', '/usr/local/bin/npm', 'install' ]
2 info using npm@2.15.5
3 info using node@v4.4.5
4 verbose readDependencies loading dependencies from /Users/hargaja/Dropbox/jhargarten.github.io/STRIBLAB/workspace/_RAW/workflow/_RAW_shadow/metcouncil/builds/development/shapefiles/_raw/geojson-vt-master/package.json
5 verbose install where, deps [ '/Users/hargaja/Dropbox/jhargarten.github.io/STRIBLAB/workspace/_RAW/workflow/_RAW_shadow/metcouncil/builds/development/shapefiles/_raw/geojson-vt-master',
5 verbose install   [ 'benchmark',
5 verbose install     'browserify',
5 verbose install     'coveralls',
5 verbose install     'eslint',
5 verbose install     'eslint-config-mourner',
5 verbose install     'faucet',
5 verbose install     'istanbul',
5 verbose install     'tape',
5 verbose install     'uglify-js',
5 verbose install     'watchify' ] ]
6 verbose install where, peers [ '/Users/hargaja/Dropbox/jhargarten.github.io/STRIBLAB/workspace/_RAW/workflow/_RAW_shadow/metcouncil/builds/development/shapefiles/_raw/geojson-vt-master',
6 verbose install   [] ]
7 verbose installManyTop reading for lifecycle /Users/hargaja/Dropbox/jhargarten.github.io/STRIBLAB/workspace/_RAW/workflow/_RAW_shadow/metcouncil/builds/development/shapefiles/_raw/geojson-vt-master/package.json
8 info preinstall geojson-vt@2.4.0
9 verbose installManyTop reading scoped package data from /Users/hargaja/Dropbox/jhargarten.github.io/STRIBLAB/workspace/_RAW/workflow/_RAW_shadow/metcouncil/builds/development/shapefiles/_raw/geojson-vt-master/node_modules/benchmark/package.json
10 verbose installManyTop reading scoped package data from /Users/hargaja/Dropbox/jhargarten.github.io/STRIBLAB/workspace/_RAW/workflow/_RAW_shadow/metcouncil/builds/development/shapefiles/_raw/geojson-vt-master/node_modules/browserify/package.json
11 verbose installManyTop reading scoped package data from /Users/hargaja/Dropbox/jhargarten.github.io/STRIBLAB/workspace/_RAW/workflow/_RAW_shadow/metcouncil/builds/development/shapefiles/_raw/geojson-vt-master/node_modules/coveralls/package.json
12 verbose installManyTop reading scoped package data from /Users/hargaja/Dropbox/jhargarten.github.io/STRIBLAB/workspace/_RAW/workflow/_RAW_shadow/metcouncil/builds/development/shapefiles/_raw/geojson-vt-master/node_modules/eslint/package.json
13 verbose installManyTop reading scoped package data from /Users/hargaja/Dropbox/jhargarten.github.io/STRIBLAB/workspace/_RAW/workflow/_RAW_shadow/metcouncil/builds/development/shapefiles/_raw/geojson-vt-master/node_modules/eslint-config-mourner/package.json
14 verbose installManyTop reading scoped package data from /Users/hargaja/Dropbox/jhargarten.github.io/STRIBLAB/workspace/_RAW/workflow/_RAW_shadow/metcouncil/builds/development/shapefiles/_raw/geojson-vt-master/node_modules/faucet/package.json
15 verbose installManyTop reading scoped package data from /Users/hargaja/Dropbox/jhargarten.github.io/STRIBLAB/workspace/_RAW/workflow/_RAW_shadow/metcouncil/builds/development/shapefiles/_raw/geojson-vt-master/node_modules/istanbul/package.json
16 verbose installManyTop reading scoped package data from /Users/hargaja/Dropbox/jhargarten.github.io/STRIBLAB/workspace/_RAW/workflow/_RAW_shadow/metcouncil/builds/development/shapefiles/_raw/geojson-vt-master/node_modules/tape/package.json
17 verbose installManyTop reading scoped package data from /Users/hargaja/Dropbox/jhargarten.github.io/STRIBLAB/workspace/_RAW/workflow/_RAW_shadow/metcouncil/builds/development/shapefiles/_raw/geojson-vt-master/node_modules/uglify-js/package.json
18 verbose installManyTop reading scoped package data from /Users/hargaja/Dropbox/jhargarten.github.io/STRIBLAB/workspace/_RAW/workflow/_RAW_shadow/metcouncil/builds/development/shapefiles/_raw/geojson-vt-master/node_modules/watchify/package.json
19 verbose readDependencies loading dependencies from /Users/hargaja/Dropbox/jhargarten.github.io/STRIBLAB/workspace/_RAW/workflow/_RAW_shadow/metcouncil/builds/development/shapefiles/_raw/geojson-vt-master/package.json
20 verbose targetResolver reading package data from /Users/hargaja/Dropbox/jhargarten.github.io/STRIBLAB/workspace/_RAW/workflow/_RAW_shadow/metcouncil/builds/development/shapefiles/_raw/geojson-vt-master/node_modules/benchmark/package.json
21 verbose targetResolver reading package data from /Users/hargaja/Dropbox/jhargarten.github.io/STRIBLAB/workspace/_RAW/workflow/_RAW_shadow/metcouncil/builds/development/shapefiles/_raw/geojson-vt-master/node_modules/browserify/package.json
22 verbose targetResolver reading package data from /Users/hargaja/Dropbox/jhargarten.github.io/STRIBLAB/workspace/_RAW/workflow/_RAW_shadow/metcouncil/builds/development/shapefiles/_raw/geojson-vt-master/node_modules/coveralls/package.json
23 verbose targetResolver reading package data from /Users/hargaja/Dropbox/jhargarten.github.io/STRIBLAB/workspace/_RAW/workflow/_RAW_shadow/metcouncil/builds/development/shapefiles/_raw/geojson-vt-master/node_modules/eslint/package.json
24 verbose targetResolver reading package data from /Users/hargaja/Dropbox/jhargarten.github.io/STRIBLAB/workspace/_RAW/workflow/_RAW_shadow/metcouncil/builds/development/shapefiles/_raw/geojson-vt-master/node_modules/eslint-config-mourner/package.json
25 verbose targetResolver reading package data from /Users/hargaja/Dropbox/jhargarten.github.io/STRIBLAB/workspace/_RAW/workflow/_RAW_shadow/metcouncil/builds/development/shapefiles/_raw/geojson-vt-master/node_modules/faucet/package.json
26 verbose targetResolver reading package data from /Users/hargaja/Dropbox/jhargarten.github.io/STRIBLAB/workspace/_RAW/workflow/_RAW_shadow/metcouncil/builds/development/shapefiles/_raw/geojson-vt-master/node_modules/istanbul/package.json
27 verbose targetResolver reading package data from /Users/hargaja/Dropbox/jhargarten.github.io/STRIBLAB/workspace/_RAW/workflow/_RAW_shadow/metcouncil/builds/development/shapefiles/_raw/geojson-vt-master/node_modules/tape/package.json
28 verbose targetResolver reading package data from /Users/hargaja/Dropbox/jhargarten.github.io/STRIBLAB/workspace/_RAW/workflow/_RAW_shadow/metcouncil/builds/development/shapefiles/_raw/geojson-vt-master/node_modules/uglify-js/package.json
29 verbose targetResolver reading package data from /Users/hargaja/Dropbox/jhargarten.github.io/STRIBLAB/workspace/_RAW/workflow/_RAW_shadow/metcouncil/builds/development/shapefiles/_raw/geojson-vt-master/node_modules/watchify/package.json
30 verbose targetResolver reading package data from /Users/hargaja/Dropbox/jhargarten.github.io/STRIBLAB/workspace/_RAW/workflow/_RAW_shadow/metcouncil/builds/development/shapefiles/_raw/geojson-vt-master/node_modules/.bin/browserify/package.json
31 verbose targetResolver reading package data from /Users/hargaja/Dropbox/jhargarten.github.io/STRIBLAB/workspace/_RAW/workflow/_RAW_shadow/metcouncil/builds/development/shapefiles/_raw/geojson-vt-master/node_modules/.bin/coveralls/package.json
32 verbose targetResolver reading package data from /Users/hargaja/Dropbox/jhargarten.github.io/STRIBLAB/workspace/_RAW/workflow/_RAW_shadow/metcouncil/builds/development/shapefiles/_raw/geojson-vt-master/node_modules/.bin/eslint/package.json
33 verbose targetResolver reading package data from /Users/hargaja/Dropbox/jhargarten.github.io/STRIBLAB/workspace/_RAW/workflow/_RAW_shadow/metcouncil/builds/development/shapefiles/_raw/geojson-vt-master/node_modules/.bin/faucet/package.json
34 verbose targetResolver reading package data from /Users/hargaja/Dropbox/jhargarten.github.io/STRIBLAB/workspace/_RAW/workflow/_RAW_shadow/metcouncil/builds/development/shapefiles/_raw/geojson-vt-master/node_modules/.bin/istanbul/package.json
35 verbose targetResolver reading package data from /Users/hargaja/Dropbox/jhargarten.github.io/STRIBLAB/workspace/_RAW/workflow/_RAW_shadow/metcouncil/builds/development/shapefiles/_raw/geojson-vt-master/node_modules/.bin/tape/package.json
36 verbose targetResolver reading package data from /Users/hargaja/Dropbox/jhargarten.github.io/STRIBLAB/workspace/_RAW/workflow/_RAW_shadow/metcouncil/builds/development/shapefiles/_raw/geojson-vt-master/node_modules/.bin/uglifyjs/package.json
37 verbose targetResolver reading package data from /Users/hargaja/Dropbox/jhargarten.github.io/STRIBLAB/workspace/_RAW/workflow/_RAW_shadow/metcouncil/builds/development/shapefiles/_raw/geojson-vt-master/node_modules/.bin/watchify/package.json
38 verbose already installed skipping coveralls@^2.11.9 /Users/hargaja/Dropbox/jhargarten.github.io/STRIBLAB/workspace/_RAW/workflow/_RAW_shadow/metcouncil/builds/development/shapefiles/_raw/geojson-vt-master
39 verbose already installed skipping eslint@^2.10.2 /Users/hargaja/Dropbox/jhargarten.github.io/STRIBLAB/workspace/_RAW/workflow/_RAW_shadow/metcouncil/builds/development/shapefiles/_raw/geojson-vt-master
40 verbose already installed skipping eslint-config-mourner@^2.0.1 /Users/hargaja/Dropbox/jhargarten.github.io/STRIBLAB/workspace/_RAW/workflow/_RAW_shadow/metcouncil/builds/development/shapefiles/_raw/geojson-vt-master
41 verbose already installed skipping faucet@0.0.1 /Users/hargaja/Dropbox/jhargarten.github.io/STRIBLAB/workspace/_RAW/workflow/_RAW_shadow/metcouncil/builds/development/shapefiles/_raw/geojson-vt-master
42 verbose already installed skipping istanbul@^0.4.3 /Users/hargaja/Dropbox/jhargarten.github.io/STRIBLAB/workspace/_RAW/workflow/_RAW_shadow/metcouncil/builds/development/shapefiles/_raw/geojson-vt-master
43 verbose already installed skipping tape@^4.5.1 /Users/hargaja/Dropbox/jhargarten.github.io/STRIBLAB/workspace/_RAW/workflow/_RAW_shadow/metcouncil/builds/development/shapefiles/_raw/geojson-vt-master
44 verbose already installed skipping uglify-js@^2.6.2 /Users/hargaja/Dropbox/jhargarten.github.io/STRIBLAB/workspace/_RAW/workflow/_RAW_shadow/metcouncil/builds/development/shapefiles/_raw/geojson-vt-master
45 verbose already installed skipping watchify@^3.7.0 /Users/hargaja/Dropbox/jhargarten.github.io/STRIBLAB/workspace/_RAW/workflow/_RAW_shadow/metcouncil/builds/development/shapefiles/_raw/geojson-vt-master
46 verbose already installed skipping benchmark@^2.1.0 /Users/hargaja/Dropbox/jhargarten.github.io/STRIBLAB/workspace/_RAW/workflow/_RAW_shadow/metcouncil/builds/development/shapefiles/_raw/geojson-vt-master
47 verbose already installed skipping browserify@^13.0.1 /Users/hargaja/Dropbox/jhargarten.github.io/STRIBLAB/workspace/_RAW/workflow/_RAW_shadow/metcouncil/builds/development/shapefiles/_raw/geojson-vt-master
48 silly install resolved []
49 info build /Users/hargaja/Dropbox/jhargarten.github.io/STRIBLAB/workspace/_RAW/workflow/_RAW_shadow/metcouncil/builds/development/shapefiles/_raw/geojson-vt-master
50 info linkStuff geojson-vt@2.4.0
51 silly linkStuff geojson-vt@2.4.0 has /Users/hargaja/Dropbox/jhargarten.github.io/STRIBLAB/workspace/_RAW/workflow/_RAW_shadow/metcouncil/builds/development/shapefiles/_raw as its parent node_modules
52 verbose linkBins geojson-vt@2.4.0
53 verbose linkMans geojson-vt@2.4.0
54 verbose rebuildBundles geojson-vt@2.4.0
55 verbose rebuildBundles [ '.bin',
55 verbose rebuildBundles   'benchmark',
55 verbose rebuildBundles   'browserify',
55 verbose rebuildBundles   'coveralls',
55 verbose rebuildBundles   'eslint',
55 verbose rebuildBundles   'eslint-config-mourner',
55 verbose rebuildBundles   'faucet',
55 verbose rebuildBundles   'istanbul',
55 verbose rebuildBundles   'tape',
55 verbose rebuildBundles   'uglify-js',
55 verbose rebuildBundles   'watchify' ]
56 info install geojson-vt@2.4.0
57 info postinstall geojson-vt@2.4.0
58 info prepublish geojson-vt@2.4.0
59 verbose unsafe-perm in lifecycle true
60 info geojson-vt@2.4.0 Failed to exec prepublish script
61 verbose stack Error: geojson-vt@2.4.0 prepublish: `npm run build-dev && npm run build-min`
61 verbose stack Exit status 1
61 verbose stack     at EventEmitter.<anonymous> (/usr/local/lib/node_modules/npm/lib/utils/lifecycle.js:217:16)
61 verbose stack     at emitTwo (events.js:87:13)
61 verbose stack     at EventEmitter.emit (events.js:172:7)
61 verbose stack     at ChildProcess.<anonymous> (/usr/local/lib/node_modules/npm/lib/utils/spawn.js:24:14)
61 verbose stack     at emitTwo (events.js:87:13)
61 verbose stack     at ChildProcess.emit (events.js:172:7)
61 verbose stack     at maybeClose (internal/child_process.js:827:16)
61 verbose stack     at Process.ChildProcess._handle.onexit (internal/child_process.js:211:5)
62 verbose pkgid geojson-vt@2.4.0
63 verbose cwd /Users/hargaja/Dropbox/jhargarten.github.io/STRIBLAB/workspace/_RAW/workflow/_RAW_shadow/metcouncil/builds/development/shapefiles/_raw/geojson-vt-master
64 error Darwin 14.0.0
65 error argv "/usr/local/bin/node" "/usr/local/bin/npm" "install"
66 error node v4.4.5
67 error npm  v2.15.5
68 error code ELIFECYCLE
69 error geojson-vt@2.4.0 prepublish: `npm run build-dev && npm run build-min`
69 error Exit status 1
70 error Failed at the geojson-vt@2.4.0 prepublish script 'npm run build-dev && npm run build-min'.
70 error This is most likely a problem with the geojson-vt package,
70 error not with npm itself.
70 error Tell the author that this fails on your system:
70 error     npm run build-dev && npm run build-min
70 error You can get information on how to open an issue for this project with:
70 error     npm bugs geojson-vt
70 error Or if that isn't available, you can get their info via:
70 error
70 error     npm owner ls geojson-vt
70 error There is likely additional logging output above.
71 verbose exit [ 1, true ]
